2022-04-19 21:35:28.052 INFO  app.demo.BitFlyer - Auth is Succeeded
2022-04-19 21:35:28.086 INFO  app.demo.BitFlyer - Channel subscribe is Succeeded
2022-04-19 21:39:54.664 INFO  app.demo.BitFlyer - Auth is Succeeded
2022-04-19 21:39:54.691 INFO  app.demo.BitFlyer - Channel subscribe is Succeeded
2022-04-19 21:42:59.454 DEBUG i.n.u.i.l.InternalLoggerFactory - Using SLF4J as the default logging framework
2022-04-19 21:42:59.454 DEBUG io.netty.util.ResourceLeakDetector - -Dio.netty.leakDetection.level: simple
2022-04-19 21:42:59.454 DEBUG io.netty.util.ResourceLeakDetector - -Dio.netty.leakDetection.targetRecords: 4
2022-04-19 21:42:59.474 DEBUG i.n.util.ResourceLeakDetectorFactory - Loaded default ResourceLeakDetector: io.netty.util.ResourceLeakDetector@562dccd0
2022-04-19 21:42:59.513 DEBUG i.n.util.internal.PlatformDependent - Platform: Windows
2022-04-19 21:42:59.519 DEBUG i.n.util.internal.PlatformDependent0 - -Dio.netty.noUnsafe: false
2022-04-19 21:42:59.519 DEBUG i.n.util.internal.PlatformDependent0 - Java version: 11
2022-04-19 21:42:59.521 DEBUG i.n.util.internal.PlatformDependent0 - sun.misc.Unsafe.theUnsafe: available
2022-04-19 21:42:59.523 DEBUG i.n.util.internal.PlatformDependent0 - sun.misc.Unsafe.copyMemory: available
2022-04-19 21:42:59.525 DEBUG i.n.util.internal.PlatformDependent0 - java.nio.Buffer.address: available
2022-04-19 21:42:59.531 DEBUG i.n.util.internal.PlatformDependent0 - direct buffer constructor: unavailable
java.lang.UnsupportedOperationException: Reflective setAccessible(true) disabled
	at io.netty.util.internal.ReflectionUtil.trySetAccessible(ReflectionUtil.java:31)
	at io.netty.util.internal.PlatformDependent0$4.run(PlatformDependent0.java:238)
	at java.base/java.security.AccessController.doPrivileged(Native Method)
	at io.netty.util.internal.PlatformDependent0.<clinit>(PlatformDependent0.java:232)
	at io.netty.util.internal.PlatformDependent.isAndroid(PlatformDependent.java:294)
	at io.netty.util.internal.PlatformDependent.<clinit>(PlatformDependent.java:93)
	at io.netty.util.HashedWheelTimer.<init>(HashedWheelTimer.java:109)
	at io.netty.util.HashedWheelTimer.<init>(HashedWheelTimer.java:218)
	at io.netty.util.HashedWheelTimer.<init>(HashedWheelTimer.java:197)
	at org.asynchttpclient.DefaultAsyncHttpClient.newNettyTimer(DefaultAsyncHttpClient.java:111)
	at org.asynchttpclient.DefaultAsyncHttpClient.<init>(DefaultAsyncHttpClient.java:90)
	at sttp.client3.asynchttpclient.AsyncHttpClientBackend$.defaultClient(AsyncHttpClientBackend.scala:267)
	at sttp.client3.asynchttpclient.fs2.AsyncHttpClientFs2Backend$.apply$$anonfun$1(AsyncHttpClientFs2Backend.scala:117)
	at cats.effect.IOFiber.runLoop(IOFiber.scala:358)
	at cats.effect.IOFiber.execR(IOFiber.scala:1332)
	at cats.effect.IOFiber.run(IOFiber.scala:139)
	at cats.effect.unsafe.WorkerThread.run(WorkerThread.scala:523)
2022-04-19 21:42:59.534 DEBUG i.n.util.internal.PlatformDependent0 - java.nio.Bits.unaligned: available, true
2022-04-19 21:42:59.537 DEBUG i.n.util.internal.PlatformDependent0 - jdk.internal.misc.Unsafe.allocateUninitializedArray(int): unavailable
java.lang.IllegalAccessException: class io.netty.util.internal.PlatformDependent0$6 cannot access class jdk.internal.misc.Unsafe (in module java.base) because module java.base does not export jdk.internal.misc to unnamed module @2b6adc9c
	at java.base/jdk.internal.reflect.Reflection.newIllegalAccessException(Reflection.java:361)
	at java.base/java.lang.reflect.AccessibleObject.checkAccess(AccessibleObject.java:591)
	at java.base/java.lang.reflect.Method.invoke(Method.java:558)
	at io.netty.util.internal.PlatformDependent0$6.run(PlatformDependent0.java:352)
	at java.base/java.security.AccessController.doPrivileged(Native Method)
	at io.netty.util.internal.PlatformDependent0.<clinit>(PlatformDependent0.java:343)
	at io.netty.util.internal.PlatformDependent.isAndroid(PlatformDependent.java:294)
	at io.netty.util.internal.PlatformDependent.<clinit>(PlatformDependent.java:93)
	at io.netty.util.HashedWheelTimer.<init>(HashedWheelTimer.java:109)
	at io.netty.util.HashedWheelTimer.<init>(HashedWheelTimer.java:218)
	at io.netty.util.HashedWheelTimer.<init>(HashedWheelTimer.java:197)
	at org.asynchttpclient.DefaultAsyncHttpClient.newNettyTimer(DefaultAsyncHttpClient.java:111)
	at org.asynchttpclient.DefaultAsyncHttpClient.<init>(DefaultAsyncHttpClient.java:90)
	at sttp.client3.asynchttpclient.AsyncHttpClientBackend$.defaultClient(AsyncHttpClientBackend.scala:267)
	at sttp.client3.asynchttpclient.fs2.AsyncHttpClientFs2Backend$.apply$$anonfun$1(AsyncHttpClientFs2Backend.scala:117)
	at cats.effect.IOFiber.runLoop(IOFiber.scala:358)
	at cats.effect.IOFiber.execR(IOFiber.scala:1332)
	at cats.effect.IOFiber.run(IOFiber.scala:139)
	at cats.effect.unsafe.WorkerThread.run(WorkerThread.scala:523)
2022-04-19 21:42:59.542 DEBUG i.n.util.internal.PlatformDependent0 - java.nio.DirectByteBuffer.<init>(long, int): unavailable
2022-04-19 21:42:59.542 DEBUG i.n.util.internal.PlatformDependent - sun.misc.Unsafe: available
2022-04-19 21:42:59.552 DEBUG i.n.util.internal.PlatformDependent - maxDirectMemory: 2126512128 bytes (maybe)
2022-04-19 21:42:59.554 DEBUG i.n.util.internal.PlatformDependent - -Dio.netty.tmpdir: C:\Users\monnh\AppData\Local\Temp (java.io.tmpdir)
2022-04-19 21:42:59.555 DEBUG i.n.util.internal.PlatformDependent - -Dio.netty.bitMode: 64 (sun.arch.data.model)
2022-04-19 21:42:59.560 DEBUG i.n.util.internal.PlatformDependent - -Dio.netty.maxDirectMemory: -1 bytes
2022-04-19 21:42:59.560 DEBUG i.n.util.internal.PlatformDependent - -Dio.netty.uninitializedArrayAllocationThreshold: -1
2022-04-19 21:42:59.563 DEBUG io.netty.util.internal.CleanerJava9 - java.nio.ByteBuffer.cleaner(): available
2022-04-19 21:42:59.563 DEBUG i.n.util.internal.PlatformDependent - -Dio.netty.noPreferDirect: false
2022-04-19 21:42:59.580 DEBUG i.n.util.internal.PlatformDependent - org.jctools-core.MpscChunkedArrayQueue: available
2022-04-19 21:43:00.045 DEBUG io.netty.handler.ssl.JdkSslContext - Default protocols (JDK): [TLSv1.3, TLSv1.2] 
2022-04-19 21:43:00.061 DEBUG io.netty.handler.ssl.JdkSslContext - Default cipher suites (JDK): [TLS_ECDHE_ECDSA_WITH_AES_256_GCM_SHA384, TLS_ECDHE_ECDSA_WITH_AES_128_GCM_SHA256, TLS_ECDHE_RSA_WITH_AES_128_GCM_SHA256, TLS_ECDHE_RSA_WITH_AES_256_GCM_SHA384, TLS_ECDHE_RSA_WITH_AES_128_CBC_SHA, TLS_ECDHE_RSA_WITH_AES_256_CBC_SHA, TLS_RSA_WITH_AES_128_GCM_SHA256, TLS_RSA_WITH_AES_128_CBC_SHA, TLS_RSA_WITH_AES_256_CBC_SHA, TLS_AES_128_GCM_SHA256, TLS_AES_256_GCM_SHA384]
2022-04-19 21:43:00.099 DEBUG i.n.u.i.InternalThreadLocalMap - -Dio.netty.threadLocalMap.stringBuilder.initialSize: 1024
2022-04-19 21:43:00.099 DEBUG i.n.u.i.InternalThreadLocalMap - -Dio.netty.threadLocalMap.stringBuilder.maxSize: 4096
2022-04-19 21:43:00.099 DEBUG i.n.c.MultithreadEventLoopGroup - -Dio.netty.eventLoopThreads: 16
2022-04-19 21:43:00.129 DEBUG io.netty.channel.nio.NioEventLoop - -Dio.netty.noKeySetOptimization: false
2022-04-19 21:43:00.129 DEBUG io.netty.channel.nio.NioEventLoop - -Dio.netty.selectorAutoRebuildThreshold: 512
2022-04-19 21:43:00.202 DEBUG i.n.buffer.PooledByteBufAllocator - -Dio.netty.allocator.numHeapArenas: 16
2022-04-19 21:43:00.202 DEBUG i.n.buffer.PooledByteBufAllocator - -Dio.netty.allocator.numDirectArenas: 16
2022-04-19 21:43:00.203 DEBUG i.n.buffer.PooledByteBufAllocator - -Dio.netty.allocator.pageSize: 8192
2022-04-19 21:43:00.203 DEBUG i.n.buffer.PooledByteBufAllocator - -Dio.netty.allocator.maxOrder: 11
2022-04-19 21:43:00.203 DEBUG i.n.buffer.PooledByteBufAllocator - -Dio.netty.allocator.chunkSize: 16777216
2022-04-19 21:43:00.203 DEBUG i.n.buffer.PooledByteBufAllocator - -Dio.netty.allocator.smallCacheSize: 256
2022-04-19 21:43:00.203 DEBUG i.n.buffer.PooledByteBufAllocator - -Dio.netty.allocator.normalCacheSize: 64
2022-04-19 21:43:00.203 DEBUG i.n.buffer.PooledByteBufAllocator - -Dio.netty.allocator.maxCachedBufferCapacity: 32768
2022-04-19 21:43:00.204 DEBUG i.n.buffer.PooledByteBufAllocator - -Dio.netty.allocator.cacheTrimInterval: 8192
2022-04-19 21:43:00.204 DEBUG i.n.buffer.PooledByteBufAllocator - -Dio.netty.allocator.cacheTrimIntervalMillis: 0
2022-04-19 21:43:00.204 DEBUG i.n.buffer.PooledByteBufAllocator - -Dio.netty.allocator.useCacheForAllThreads: true
2022-04-19 21:43:00.210 DEBUG i.n.buffer.PooledByteBufAllocator - -Dio.netty.allocator.maxCachedByteBuffersPerChunk: 1023
2022-04-19 21:43:00.236 DEBUG io.netty.buffer.ByteBufUtil - -Dio.netty.allocator.type: pooled
2022-04-19 21:43:00.236 DEBUG io.netty.buffer.ByteBufUtil - -Dio.netty.threadLocalDirectBufferSize: 0
2022-04-19 21:43:00.236 DEBUG io.netty.buffer.ByteBufUtil - -Dio.netty.maxThreadLocalCharBufferSize: 16384
2022-04-19 21:43:00.414 DEBUG i.n.util.internal.ThreadLocalRandom - -Dio.netty.initialSeedUniquifier: 0x419b6eed5e628180
2022-04-19 21:43:00.527 DEBUG io.netty.channel.DefaultChannelId - -Dio.netty.processId: 15004 (auto-detected)
2022-04-19 21:43:00.530 DEBUG io.netty.util.NetUtil - -Djava.net.preferIPv4Stack: false
2022-04-19 21:43:00.531 DEBUG io.netty.util.NetUtil - -Djava.net.preferIPv6Addresses: false
2022-04-19 21:43:00.718 DEBUG io.netty.util.NetUtilInitializations - Loopback interface: lo (Software Loopback Interface 1, 127.0.0.1)
2022-04-19 21:43:00.719 DEBUG io.netty.util.NetUtil - Failed to get SOMAXCONN from sysctl and file \proc\sys\net\core\somaxconn. Default: 200
2022-04-19 21:43:00.917 DEBUG io.netty.channel.DefaultChannelId - -Dio.netty.machineId: 28:16:a8:ff:fe:4b:52:22 (auto-detected)
2022-04-19 21:43:00.988 DEBUG io.netty.buffer.AbstractByteBuf - -Dio.netty.buffer.checkAccessible: true
2022-04-19 21:43:00.990 DEBUG io.netty.buffer.AbstractByteBuf - -Dio.netty.buffer.checkBounds: true
2022-04-19 21:43:00.990 DEBUG i.n.util.ResourceLeakDetectorFactory - Loaded default ResourceLeakDetector: io.netty.util.ResourceLeakDetector@12d95c53
2022-04-19 21:43:01.097 DEBUG io.netty.util.Recycler - -Dio.netty.recycler.maxCapacityPerThread: 4096
2022-04-19 21:43:01.097 DEBUG io.netty.util.Recycler - -Dio.netty.recycler.maxSharedCapacityFactor: 2
2022-04-19 21:43:01.098 DEBUG io.netty.util.Recycler - -Dio.netty.recycler.linkCapacity: 16
2022-04-19 21:43:01.098 DEBUG io.netty.util.Recycler - -Dio.netty.recycler.ratio: 8
2022-04-19 21:43:01.098 DEBUG io.netty.util.Recycler - -Dio.netty.recycler.delayedQueue.ratio: 8
2022-04-19 21:43:01.302 DEBUG o.a.n.channel.NettyConnectListener - Using new Channel '[id: 0x3452e435, L:/192.168.3.7:64649 - R:ws.lightstream.bitflyer.com/20.43.88.122:443]' for 'GET' to '/json-rpc'
2022-04-19 21:43:01.322 DEBUG io.netty.handler.ssl.SslHandler - [id: 0x3452e435, L:/192.168.3.7:64649 - R:ws.lightstream.bitflyer.com/20.43.88.122:443] HANDSHAKEN: protocol:TLSv1.2 cipher suite:TLS_ECDHE_RSA_WITH_AES_128_GCM_SHA256
2022-04-19 21:43:01.339 DEBUG o.a.netty.handler.WebSocketHandler - 

Request DefaultFullHttpRequest(decodeResult: success, version: HTTP/1.1, content: EmptyByteBufBE)
GET /json-rpc HTTP/1.1
accept-encoding: gzip, deflate
upgrade: websocket
connection: upgrade
sec-websocket-key: 28EHc7NeJxsfPMtV4JoEvg==
sec-websocket-version: 13
origin: https://ws.lightstream.bitflyer.com
host: ws.lightstream.bitflyer.com
accept: */*
user-agent: AHC/2.1

Response DefaultHttpResponse(decodeResult: success, version: HTTP/1.1)
HTTP/1.1 101 Switching Protocols
Date: Tue, 19 Apr 2022 12:43:01 GMT
Connection: upgrade
Upgrade: websocket
Sec-WebSocket-Accept: XTsaussG6g2UZefq83HU1sgaEy4=

2022-04-19 21:43:03.859 DEBUG app.demo.BitFlyer - GET for Websocket: {"jsonrpc":"2.0","id":1,"result":true}
2022-04-19 21:43:03.977 INFO  app.demo.BitFlyer - Auth is Succeeded
2022-04-19 21:43:03.994 DEBUG app.demo.BitFlyer - GET for Websocket: {"jsonrpc":"2.0","id":2,"result":true}
2022-04-19 21:43:03.994 INFO  app.demo.BitFlyer - Channel subscribe is Succeeded
2022-04-19 21:43:05.098 DEBUG app.demo.BitFlyer - GET for Websocket: {"jsonrpc":"2.0","method":"channelMessage","params":{"channel":"lightning_executions_BTC_JPY","message":[{"id":2327513447,"side":"SELL","price":5267686.0,"size":0.02,"exec_date":"2022-04-19T12:43:05.1286857Z","buy_child_order_acceptance_id":"JRF20220419-124302-018238","sell_child_order_acceptance_id":"JRF20220419-124304-018264"},{"id":2327513448,"side":"SELL","price":5267686.0,"size":0.02,"exec_date":"2022-04-19T12:43:05.1286857Z","buy_child_order_acceptance_id":"JRF20220419-124303-046073","sell_child_order_acceptance_id":"JRF20220419-124304-018264"},{"id":2327513449,"side":"SELL","price":5267683.0,"size":0.07,"exec_date":"2022-04-19T12:43:05.1286857Z","buy_child_order_acceptance_id":"JRF20220419-124301-012817","sell_child_order_acceptance_id":"JRF20220419-124304-018264"}]}}
2022-04-19 21:43:05.738 DEBUG app.demo.BitFlyer - GET for Websocket: {"jsonrpc":"2.0","method":"channelMessage","params":{"channel":"lightning_executions_BTC_JPY","message":[{"id":2327513452,"side":"SELL","price":5267683.0,"size":0.11,"exec_date":"2022-04-19T12:43:05.7611605Z","buy_child_order_acceptance_id":"JRF20220419-124301-012817","sell_child_order_acceptance_id":"JRF20220419-124305-063675"}]}}
2022-04-19 21:43:05.759 DEBUG app.demo.BitFlyer - GET for Websocket: {"jsonrpc":"2.0","method":"channelMessage","params":{"channel":"lightning_executions_BTC_JPY","message":[{"id":2327513453,"side":"SELL","price":5267683.0,"size":0.05,"exec_date":"2022-04-19T12:43:05.7712848Z","buy_child_order_acceptance_id":"JRF20220419-124301-012817","sell_child_order_acceptance_id":"JRF20220419-124305-019050"},{"id":2327513454,"side":"SELL","price":5267683.0,"size":0.05,"exec_date":"2022-04-19T12:43:05.7814326Z","buy_child_order_acceptance_id":"JRF20220419-124301-012817","sell_child_order_acceptance_id":"JRF20220419-124305-019049"},{"id":2327513455,"side":"SELL","price":5267683.0,"size":0.05535,"exec_date":"2022-04-19T12:43:05.7915539Z","buy_child_order_acceptance_id":"JRF20220419-124301-012817","sell_child_order_acceptance_id":"JRF20220419-124305-018279"}]}}
2022-04-19 21:43:05.871 DEBUG app.demo.BitFlyer - GET for Websocket: {"jsonrpc":"2.0","method":"channelMessage","params":{"channel":"lightning_executions_BTC_JPY","message":[{"id":2327513457,"side":"SELL","price":5267683.0,"size":0.06465,"exec_date":"2022-04-19T12:43:05.9029995Z","buy_child_order_acceptance_id":"JRF20220419-124301-012817","sell_child_order_acceptance_id":"JRF20220419-124305-021979"}]}}
2022-04-19 21:43:06.021 DEBUG app.demo.BitFlyer - GET for Websocket: {"jsonrpc":"2.0","method":"channelMessage","params":{"channel":"lightning_executions_BTC_JPY","message":[{"id":2327513458,"side":"SELL","price":5267407.0,"size":0.1,"exec_date":"2022-04-19T12:43:06.0156878Z","buy_child_order_acceptance_id":"JRF20220419-124258-012798","sell_child_order_acceptance_id":"JRF20220419-124305-023024"},{"id":2327513459,"side":"SELL","price":5267406.0,"size":0.02,"exec_date":"2022-04-19T12:43:06.0156878Z","buy_child_order_acceptance_id":"JRF20220419-124256-925300","sell_child_order_acceptance_id":"JRF20220419-124305-023024"}]}}
2022-04-19 21:43:06.181 DEBUG app.demo.BitFlyer - GET for Websocket: {"jsonrpc":"2.0","method":"channelMessage","params":{"channel":"lightning_executions_BTC_JPY","message":[{"id":2327513460,"side":"SELL","price":5267406.0,"size":0.06,"exec_date":"2022-04-19T12:43:06.207556Z","buy_child_order_acceptance_id":"JRF20220419-124256-925300","sell_child_order_acceptance_id":"JRF20220419-124305-012867"}]}}
2022-04-19 21:43:06.348 DEBUG app.demo.BitFlyer - GET for Websocket: {"jsonrpc":"2.0","method":"channelMessage","params":{"channel":"lightning_executions_BTC_JPY","message":[{"id":2327513461,"side":"SELL","price":5267000.0,"size":0.905,"exec_date":"2022-04-19T12:43:06.3659656Z","buy_child_order_acceptance_id":"JRF20220419-124304-110389","sell_child_order_acceptance_id":"JRF20220419-124306-046120"}]}}
2022-04-19 21:43:06.472 DEBUG app.demo.BitFlyer - GET for Websocket: {"jsonrpc":"2.0","method":"channelMessage","params":{"channel":"lightning_executions_BTC_JPY","message":[{"id":2327513462,"side":"SELL","price":5267000.0,"size":0.095,"exec_date":"2022-04-19T12:43:06.4753991Z","buy_child_order_acceptance_id":"JRF20220419-124304-110389","sell_child_order_acceptance_id":"JRF20220419-124306-012875"}]}}
2022-04-19 21:43:06.768 DEBUG app.demo.BitFlyer - GET for Websocket: {"jsonrpc":"2.0","method":"channelMessage","params":{"channel":"lightning_executions_BTC_JPY","message":[{"id":2327513470,"side":"SELL","price":5266879.0,"size":0.149998,"exec_date":"2022-04-19T12:43:06.7411693Z","buy_child_order_acceptance_id":"JRF20220419-124256-925401","sell_child_order_acceptance_id":"JRF20220419-124306-020364"}]}}
2022-04-19 21:43:06.848 DEBUG app.demo.BitFlyer - GET for Websocket: {"jsonrpc":"2.0","method":"channelMessage","params":{"channel":"lightning_executions_BTC_JPY","message":[{"id":2327513471,"side":"SELL","price":5266879.0,"size":0.05,"exec_date":"2022-04-19T12:43:06.8645837Z","buy_child_order_acceptance_id":"JRF20220419-124256-925401","sell_child_order_acceptance_id":"JRF20220419-124306-021000"}]}}
2022-04-19 21:43:06.865 DEBUG app.demo.BitFlyer - GET for Websocket: {"jsonrpc":"2.0","method":"channelMessage","params":{"channel":"lightning_executions_BTC_JPY","message":[{"id":2327513472,"side":"SELL","price":5266879.0,"size":0.000002,"exec_date":"2022-04-19T12:43:06.8645837Z","buy_child_order_acceptance_id":"JRF20220419-124256-925401","sell_child_order_acceptance_id":"JRF20220419-124306-021001"}]}}
2022-04-19 21:43:07.145 DEBUG app.demo.BitFlyer - GET for Websocket: {"jsonrpc":"2.0","method":"channelMessage","params":{"channel":"lightning_executions_BTC_JPY","message":[{"id":2327513477,"side":"SELL","price":5266668.0,"size":0.0046,"exec_date":"2022-04-19T12:43:07.1571709Z","buy_child_order_acceptance_id":"JRF20220419-124234-107196","sell_child_order_acceptance_id":"JRF20220419-124307-063705"}]}}
2022-04-19 21:43:07.486 DEBUG app.demo.BitFlyer - GET for Websocket: {"jsonrpc":"2.0","method":"channelMessage","params":{"channel":"lightning_executions_BTC_JPY","message":[{"id":2327513482,"side":"SELL","price":5266668.0,"size":0.000007,"exec_date":"2022-04-19T12:43:07.5079739Z","buy_child_order_acceptance_id":"JRF20220419-124234-107196","sell_child_order_acceptance_id":"JRF20220419-124307-021021"}]}}
2022-04-19 21:43:07.849 DEBUG app.demo.BitFlyer - GET for Websocket: {"jsonrpc":"2.0","method":"channelMessage","params":{"channel":"lightning_executions_BTC_JPY","message":[{"id":2327513484,"side":"SELL","price":5266177.0,"size":0.05,"exec_date":"2022-04-19T12:43:07.8271469Z","buy_child_order_acceptance_id":"JRF20220419-124253-110388","sell_child_order_acceptance_id":"JRF20220419-124307-020388"}]}}
2022-04-19 21:43:07.906 DEBUG app.demo.BitFlyer - GET for Websocket: {"jsonrpc":"2.0","method":"channelMessage","params":{"channel":"lightning_executions_BTC_JPY","message":[{"id":2327513485,"side":"SELL","price":5266177.0,"size":0.051,"exec_date":"2022-04-19T12:43:07.9348526Z","buy_child_order_acceptance_id":"JRF20220419-124253-110388","sell_child_order_acceptance_id":"JRF20220419-124307-012902"}]}}
2022-04-19 21:43:08.186 DEBUG app.demo.BitFlyer - GET for Websocket: {"jsonrpc":"2.0","method":"channelMessage","params":{"channel":"lightning_executions_BTC_JPY","message":[{"id":2327513486,"side":"SELL","price":5265591.0,"size":0.0032,"exec_date":"2022-04-19T12:43:08.1994602Z","buy_child_order_acceptance_id":"JRF20220419-124242-110381","sell_child_order_acceptance_id":"JRF20220419-124308-046153"}]}}
2022-04-19 21:43:11.258 DEBUG app.demo.BitFlyer - GET for Websocket: {"jsonrpc":"2.0","method":"channelMessage","params":{"channel":"lightning_executions_BTC_JPY","message":[{"id":2327513489,"side":"SELL","price":5263465.0,"size":0.25816913,"exec_date":"2022-04-19T12:43:11.2760902Z","buy_child_order_acceptance_id":"JRF20220419-124253-020266","sell_child_order_acceptance_id":"JRF20220419-124311-021079"},{"id":2327513490,"side":"SELL","price":5263464.0,"size":0.26653345,"exec_date":"2022-04-19T12:43:11.2760902Z","buy_child_order_acceptance_id":"JRF20220419-124247-063557","sell_child_order_acceptance_id":"JRF20220419-124311-021079"},{"id":2327513491,"side":"SELL","price":5263419.0,"size":1.99529742,"exec_date":"2022-04-19T12:43:11.2760902Z","buy_child_order_acceptance_id":"JRF20220419-124214-109168","sell_child_order_acceptance_id":"JRF20220419-124311-021079"}]}}
2022-04-19 21:43:12.481 DEBUG app.demo.BitFlyer - GET for Websocket: {"jsonrpc":"2.0","method":"channelMessage","params":{"channel":"lightning_executions_BTC_JPY","message":[{"id":2327513498,"side":"SELL","price":5263419.0,"size":0.0047,"exec_date":"2022-04-19T12:43:12.4766601Z","buy_child_order_acceptance_id":"JRF20220419-124214-109168","sell_child_order_acceptance_id":"JRF20220419-124312-023118"}]}}
2022-04-19 21:43:12.949 DEBUG app.demo.BitFlyer - GET for Websocket: {"jsonrpc":"2.0","method":"channelMessage","params":{"channel":"lightning_executions_BTC_JPY","message":[{"id":2327513499,"side":"SELL","price":5263419.0,"size":0.00000258,"exec_date":"2022-04-19T12:43:12.9037129Z","buy_child_order_acceptance_id":"JRF20220419-124214-109168","sell_child_order_acceptance_id":"JRF20220419-124312-012972"},{"id":2327513500,"side":"SELL","price":5263191.0,"size":0.04999742,"exec_date":"2022-04-19T12:43:12.9037129Z","buy_child_order_acceptance_id":"JRF20220419-124256-925504","sell_child_order_acceptance_id":"JRF20220419-124312-012972"},{"id":2327513501,"side":"SELL","price":5263191.0,"size":0.05,"exec_date":"2022-04-19T12:43:12.9220111Z","buy_child_order_acceptance_id":"JRF20220419-124256-925504","sell_child_order_acceptance_id":"JRF20220419-124312-021107"}]}}
2022-04-19 21:43:12.968 DEBUG app.demo.BitFlyer - GET for Websocket: {"jsonrpc":"2.0","method":"channelMessage","params":{"channel":"lightning_executions_BTC_JPY","message":[{"id":2327513502,"side":"SELL","price":5263191.0,"size":0.05,"exec_date":"2022-04-19T12:43:12.971211Z","buy_child_order_acceptance_id":"JRF20220419-124256-925504","sell_child_order_acceptance_id":"JRF20220419-124312-019173"}]}}
2022-04-19 21:43:19.132 DEBUG app.demo.BitFlyer - GET for Websocket: {"jsonrpc":"2.0","method":"channelMessage","params":{"channel":"lightning_executions_BTC_JPY","message":[{"id":2327513504,"side":"BUY","price":5265404.0,"size":0.02,"exec_date":"2022-04-19T12:43:19.1706754Z","buy_child_order_acceptance_id":"JRF20220419-124319-926400","sell_child_order_acceptance_id":"JRF20220419-124311-012965"},{"id":2327513505,"side":"BUY","price":5265407.0,"size":0.08,"exec_date":"2022-04-19T12:43:19.1706754Z","buy_child_order_acceptance_id":"JRF20220419-124319-926400","sell_child_order_acceptance_id":"JRF20220419-124311-023108"}]}}
2022-04-19 21:43:22.535 DEBUG app.demo.BitFlyer - GET for Websocket: {"jsonrpc":"2.0","method":"channelMessage","params":{"channel":"lightning_executions_BTC_JPY","message":[{"id":2327513508,"side":"BUY","price":5266668.0,"size":0.1,"exec_date":"2022-04-19T12:43:22.5531454Z","buy_child_order_acceptance_id":"JRF20220419-124322-107219","sell_child_order_acceptance_id":"JRF20220419-124308-115135"},{"id":2327513509,"side":"BUY","price":5267122.0,"size":0.1,"exec_date":"2022-04-19T12:43:22.5531454Z","buy_child_order_acceptance_id":"JRF20220419-124322-107219","sell_child_order_acceptance_id":"JRF20220419-124312-114383"},{"id":2327513510,"side":"BUY","price":5267268.0,"size":0.03,"exec_date":"2022-04-19T12:43:22.5531454Z","buy_child_order_acceptance_id":"JRF20220419-124322-107219","sell_child_order_acceptance_id":"JRF20220419-124321-021184"}]}}
2022-04-19 21:43:25.314 DEBUG app.demo.BitFlyer - GET for Websocket: {"jsonrpc":"2.0","method":"channelMessage","params":{"channel":"lightning_executions_BTC_JPY","message":[{"id":2327513511,"side":"SELL","price":5267543.0,"size":0.018,"exec_date":"2022-04-19T12:43:25.3332724Z","buy_child_order_acceptance_id":"JRF20220419-124324-113084","sell_child_order_acceptance_id":"JRF20220419-124325-046338"}]}}
2022-04-19 21:43:25.368 DEBUG app.demo.BitFlyer - GET for Websocket: {"jsonrpc":"2.0","method":"channelMessage","params":{"channel":"lightning_executions_BTC_JPY","message":[{"id":2327513512,"side":"SELL","price":5267543.0,"size":0.000053,"exec_date":"2022-04-19T12:43:25.3983256Z","buy_child_order_acceptance_id":"JRF20220419-124324-113084","sell_child_order_acceptance_id":"JRF20220419-124325-019285"}]}}
2022-04-19 21:43:26.272 DEBUG app.demo.BitFlyer - GET for Websocket: {"jsonrpc":"2.0","method":"channelMessage","params":{"channel":"lightning_executions_BTC_JPY","message":[{"id":2327513513,"side":"BUY","price":5266195.0,"size":0.001,"exec_date":"2022-04-19T12:43:26.30384Z","buy_child_order_acceptance_id":"JRF20220419-124326-107221","sell_child_order_acceptance_id":"JRF20220419-124325-019289"},{"id":2327513514,"side":"BUY","price":5267742.0,"size":0.099,"exec_date":"2022-04-19T12:43:26.3044228Z","buy_child_order_acceptance_id":"JRF20220419-124326-107221","sell_child_order_acceptance_id":"JRF20220419-124325-002080"}]}}
2022-04-19 21:43:30.395 DEBUG app.demo.BitFlyer - GET for Websocket: {"jsonrpc":"2.0","method":"channelMessage","params":{"channel":"lightning_executions_BTC_JPY","message":[{"id":2327513516,"side":"SELL","price":5265625.0,"size":0.01,"exec_date":"2022-04-19T12:43:30.3896202Z","buy_child_order_acceptance_id":"JRF20220419-124326-926501","sell_child_order_acceptance_id":"JRF20220419-124330-111300"}]}}
2022-04-19 21:52:48.266 INFO  app.demo.BitFlyer - Auth is Succeeded
2022-04-19 21:52:48.298 INFO  app.demo.BitFlyer - Channel subscribe is Succeeded
2022-04-19 22:59:58.551 INFO  app.demo.BitFlyer - Auth is Succeeded
2022-04-19 22:59:58.584 INFO  app.demo.BitFlyer - Channel subscribe is Succeeded
2022-04-19 23:07:05.879 INFO  app.demo.BitFlyer - Auth is Succeeded
2022-04-19 23:07:05.912 INFO  app.demo.BitFlyer - Channel subscribe is Succeeded
2022-04-19 23:22:02.373 INFO  app.demo.BitFlyer - Auth is Succeeded
2022-04-19 23:22:02.400 INFO  app.demo.BitFlyer - Channel subscribe is Succeeded
